<?xml version="1.0" encoding="UTF-8"?>
<!-- Generated by org.testng.reporters.JUnitReportReporter -->
<testsuite hostname="DESKTOP-8TSUPBF" name="DriverFactory.AppTest" tests="1" failures="0" timestamp="3 Dec 2021 12:41:01 GMT" time="72.882" errors="0">
  <testcase name="kickStart" time="72.882" classname="DriverFactory.AppTest"/>
</testsuite> <!-- DriverFactory.AppTest -->
